<?xml version="1.0" encoding="UTF-8"?>
<!-- Generated by org.testng.reporters.JUnitReportReporter -->
<testsuite hostname="DESKTOP-0SO3RGI" failures="0" tests="2" name="com.niaz.testing_1.TestNgExample" time="0.031" errors="0" timestamp="2024-07-09T23:42:41 BDT" skipped="0">
  <testcase classname="com.niaz.testing_1.TestNgExample" name="TestNgExample" time="0.015"/>
  <testcase classname="com.niaz.testing_1.TestNgExample" name="secondtest" time="0.016"/>
</testsuite> <!-- com.niaz.testing_1.TestNgExample -->
