<?xml version="1.0" encoding="UTF-8"?>
<!-- Generated by org.testng.reporters.JUnitReportReporter -->
<testsuite hostname="DESKTOP-0SO3RGI" failures="0" tests="1" name="com.niaz.testing_1.LocatorExample" time="21.203" errors="0" timestamp="2024-07-10T00:41:42 BDT" skipped="0">
  <testcase classname="com.niaz.testing_1.LocatorExample" name="locatorExample" time="21.203"/>
</testsuite> <!-- com.niaz.testing_1.LocatorExample -->
