<?xml version="1.0" encoding="UTF-8"?>
<!-- Generated by org.testng.reporters.JUnitReportReporter -->
<testsuite hostname="DESKTOP-0SO3RGI" failures="0" tests="1" name="com.niaz.testing_1.first_test" time="9.370" errors="0" timestamp="2024-07-09T01:51:40 BDT" skipped="0">
  <testcase classname="com.niaz.testing_1.first_test" name="first_test" time="9.370"/>
</testsuite> <!-- com.niaz.testing_1.first_test -->
